<?xml version="1.0" encoding="UTF-8"?>
<!-- Generated by org.testng.reporters.JUnitReportReporter -->
<testsuite hostname="LAPTOP-1060UUMJ" failures="0" tests="1" name="driverFactory.DriverScript" time="16.704" errors="0" timestamp="2023-08-18T10:21:26 IST" skipped="0">
  <testcase classname="driverFactory.DriverScript" name="startTest" time="16.704">
    <system-out>
      <![CDATA[Login Success::adminflow    http://primusbank.qedgetech.com/adminflow.aspx
Logout Success
Login Success::adminflow    http://primusbank.qedgetech.com/adminflow.aspx
New Branch with id 2600 created Sucessfully
Logout Success
Login Success::adminflow    http://primusbank.qedgetech.com/adminflow.aspx
Branch updated Sucessfully
Logout Success]]>
    </system-out>
  </testcase> <!-- startTest -->
  <system-out>
    <![CDATA[Login Success::adminflow    http://primusbank.qedgetech.com/adminflow.aspx
Logout Success
Login Success::adminflow    http://primusbank.qedgetech.com/adminflow.aspx
New Branch with id 2600 created Sucessfully
Logout Success
Login Success::adminflow    http://primusbank.qedgetech.com/adminflow.aspx
Branch updated Sucessfully
Logout Success]]>
  </system-out>
</testsuite> <!-- driverFactory.DriverScript -->
