<?xml version="1.0" encoding="UTF-8"?>
<!-- Generated by org.testng.reporters.JUnitReportReporter -->
<testsuite hostname="LAPTOP-1060UUMJ" failures="0" tests="1" name="driverFactory.TestScript" time="14.465" errors="0" timestamp="2023-08-18T12:16:04 IST" skipped="0">
  <testcase classname="driverFactory.TestScript" name="startTest" time="14.465">
    <system-out>
      <![CDATA[Add Emp success::3380     3380
Add Emp success::3381     3381
Add Emp success::3382     3382
Add Emp success::3383     3383
Add Emp success::3384     3384]]>
    </system-out>
  </testcase> <!-- startTest -->
  <system-out>
    <![CDATA[Add Emp success::3380     3380
Add Emp success::3381     3381
Add Emp success::3382     3382
Add Emp success::3383     3383
Add Emp success::3384     3384]]>
  </system-out>
</testsuite> <!-- driverFactory.TestScript -->
